<?xml version="1.0" encoding="UTF-8"?>
<testsuite xmlns:xsi="http://www.w3.org/2001/XMLSchema-instance" xsi:noNamespaceSchemaLocation="https://maven.apache.org/surefire/maven-surefire-plugin/xsd/surefire-test-report.xsd" name="UserTest" time="22.047" tests="12" errors="0" skipped="0" failures="1">
  <properties>
    <property name="gopherProxySet" value="false"/>
    <property name="awt.toolkit" value="sun.lwawt.macosx.LWCToolkit"/>
    <property name="java.specification.version" value="11"/>
    <property name="sun.cpu.isalist" value=""/>
    <property name="sun.jnu.encoding" value="UTF-8"/>
    <property name="java.class.path" value="/Users/DenisSangiMac/IdeaProjects/Diplom/Diplom_2/target/test-classes:/Users/DenisSangiMac/IdeaProjects/Diplom/Diplom_2/target/classes:/Users/DenisSangiMac/.m2/repository/io/rest-assured/rest-assured/4.4.0/rest-assured-4.4.0.jar:/Users/DenisSangiMac/.m2/repository/org/codehaus/groovy/groovy-xml/3.0.8/groovy-xml-3.0.8.jar:/Users/DenisSangiMac/.m2/repository/org/apache/httpcomponents/httpclient/4.5.13/httpclient-4.5.13.jar:/Users/DenisSangiMac/.m2/repository/org/apache/httpcomponents/httpcore/4.4.13/httpcore-4.4.13.jar:/Users/DenisSangiMac/.m2/repository/commons-logging/commons-logging/1.2/commons-logging-1.2.jar:/Users/DenisSangiMac/.m2/repository/commons-codec/commons-codec/1.11/commons-codec-1.11.jar:/Users/DenisSangiMac/.m2/repository/org/apache/httpcomponents/httpmime/4.5.13/httpmime-4.5.13.jar:/Users/DenisSangiMac/.m2/repository/org/hamcrest/hamcrest/2.1/hamcrest-2.1.jar:/Users/DenisSangiMac/.m2/repository/org/ccil/cowan/tagsoup/tagsoup/1.2.1/tagsoup-1.2.1.jar:/Users/DenisSangiMac/.m2/repository/io/rest-assured/json-path/4.4.0/json-path-4.4.0.jar:/Users/DenisSangiMac/.m2/repository/org/codehaus/groovy/groovy-json/3.0.8/groovy-json-3.0.8.jar:/Users/DenisSangiMac/.m2/repository/io/rest-assured/rest-assured-common/4.4.0/rest-assured-common-4.4.0.jar:/Users/DenisSangiMac/.m2/repository/io/rest-assured/xml-path/4.4.0/xml-path-4.4.0.jar:/Users/DenisSangiMac/.m2/repository/jakarta/xml/bind/jakarta.xml.bind-api/2.3.3/jakarta.xml.bind-api-2.3.3.jar:/Users/DenisSangiMac/.m2/repository/jakarta/activation/jakarta.activation-api/1.2.2/jakarta.activation-api-1.2.2.jar:/Users/DenisSangiMac/.m2/repository/com/sun/xml/bind/jaxb-impl/2.3.3/jaxb-impl-2.3.3.jar:/Users/DenisSangiMac/.m2/repository/junit/junit/4.13.1/junit-4.13.1.jar:/Users/DenisSangiMac/.m2/repository/org/hamcrest/hamcrest-core/1.3/hamcrest-core-1.3.jar:/Users/DenisSangiMac/.m2/repository/com/google/code/gson/gson/2.8.9/gson-2.8.9.jar:/Users/DenisSangiMac/.m2/repository/io/qameta/allure/allure-junit4/2.15.0/allure-junit4-2.15.0.jar:/Users/DenisSangiMac/.m2/repository/io/qameta/allure/allure-java-commons/2.15.0/allure-java-commons-2.15.0.jar:/Users/DenisSangiMac/.m2/repository/org/slf4j/slf4j-api/1.7.30/slf4j-api-1.7.30.jar:/Users/DenisSangiMac/.m2/repository/io/qameta/allure/allure-model/2.15.0/allure-model-2.15.0.jar:/Users/DenisSangiMac/.m2/repository/io/qameta/allure/allure-rest-assured/2.15.0/allure-rest-assured-2.15.0.jar:/Users/DenisSangiMac/.m2/repository/io/qameta/allure/allure-attachments/2.15.0/allure-attachments-2.15.0.jar:/Users/DenisSangiMac/.m2/repository/org/freemarker/freemarker/2.3.31/freemarker-2.3.31.jar:/Users/DenisSangiMac/.m2/repository/org/projectlombok/lombok/1.18.24/lombok-1.18.24.jar:/Users/DenisSangiMac/.m2/repository/org/apache/commons/commons-lang3/3.12.0/commons-lang3-3.12.0.jar:/Users/DenisSangiMac/.m2/repository/org/codehaus/groovy/groovy/3.0.8/groovy-3.0.8.jar:"/>
    <property name="java.vm.vendor" value="Amazon.com Inc."/>
    <property name="sun.arch.data.model" value="64"/>
    <property name="java.vendor.url" value="https://aws.amazon.com/corretto/"/>
    <property name="user.timezone" value=""/>
    <property name="java.vm.specification.version" value="11"/>
    <property name="os.name" value="Mac OS X"/>
    <property name="sun.java.launcher" value="SUN_STANDARD"/>
    <property name="user.country" value="CY"/>
    <property name="sun.boot.library.path" value="/Library/Java/JavaVirtualMachines/amazon-corretto-11.jdk/Contents/Home/lib"/>
    <property name="sun.java.command" value="/Users/DenisSangiMac/IdeaProjects/Diplom/Diplom_2/target/surefire/surefirebooter3193219150798113817.jar /Users/DenisSangiMac/IdeaProjects/Diplom/Diplom_2/target/surefire 2022-06-30T21-42-14_101-jvmRun1 surefire3634366101921210485tmp surefire_08258771374844476091tmp"/>
    <property name="jdk.debug" value="release"/>
    <property name="surefire.test.class.path" value="/Users/DenisSangiMac/IdeaProjects/Diplom/Diplom_2/target/test-classes:/Users/DenisSangiMac/IdeaProjects/Diplom/Diplom_2/target/classes:/Users/DenisSangiMac/.m2/repository/io/rest-assured/rest-assured/4.4.0/rest-assured-4.4.0.jar:/Users/DenisSangiMac/.m2/repository/org/codehaus/groovy/groovy-xml/3.0.8/groovy-xml-3.0.8.jar:/Users/DenisSangiMac/.m2/repository/org/apache/httpcomponents/httpclient/4.5.13/httpclient-4.5.13.jar:/Users/DenisSangiMac/.m2/repository/org/apache/httpcomponents/httpcore/4.4.13/httpcore-4.4.13.jar:/Users/DenisSangiMac/.m2/repository/commons-logging/commons-logging/1.2/commons-logging-1.2.jar:/Users/DenisSangiMac/.m2/repository/commons-codec/commons-codec/1.11/commons-codec-1.11.jar:/Users/DenisSangiMac/.m2/repository/org/apache/httpcomponents/httpmime/4.5.13/httpmime-4.5.13.jar:/Users/DenisSangiMac/.m2/repository/org/hamcrest/hamcrest/2.1/hamcrest-2.1.jar:/Users/DenisSangiMac/.m2/repository/org/ccil/cowan/tagsoup/tagsoup/1.2.1/tagsoup-1.2.1.jar:/Users/DenisSangiMac/.m2/repository/io/rest-assured/json-path/4.4.0/json-path-4.4.0.jar:/Users/DenisSangiMac/.m2/repository/org/codehaus/groovy/groovy-json/3.0.8/groovy-json-3.0.8.jar:/Users/DenisSangiMac/.m2/repository/io/rest-assured/rest-assured-common/4.4.0/rest-assured-common-4.4.0.jar:/Users/DenisSangiMac/.m2/repository/io/rest-assured/xml-path/4.4.0/xml-path-4.4.0.jar:/Users/DenisSangiMac/.m2/repository/jakarta/xml/bind/jakarta.xml.bind-api/2.3.3/jakarta.xml.bind-api-2.3.3.jar:/Users/DenisSangiMac/.m2/repository/jakarta/activation/jakarta.activation-api/1.2.2/jakarta.activation-api-1.2.2.jar:/Users/DenisSangiMac/.m2/repository/com/sun/xml/bind/jaxb-impl/2.3.3/jaxb-impl-2.3.3.jar:/Users/DenisSangiMac/.m2/repository/junit/junit/4.13.1/junit-4.13.1.jar:/Users/DenisSangiMac/.m2/repository/org/hamcrest/hamcrest-core/1.3/hamcrest-core-1.3.jar:/Users/DenisSangiMac/.m2/repository/com/google/code/gson/gson/2.8.9/gson-2.8.9.jar:/Users/DenisSangiMac/.m2/repository/io/qameta/allure/allure-junit4/2.15.0/allure-junit4-2.15.0.jar:/Users/DenisSangiMac/.m2/repository/io/qameta/allure/allure-java-commons/2.15.0/allure-java-commons-2.15.0.jar:/Users/DenisSangiMac/.m2/repository/org/slf4j/slf4j-api/1.7.30/slf4j-api-1.7.30.jar:/Users/DenisSangiMac/.m2/repository/io/qameta/allure/allure-model/2.15.0/allure-model-2.15.0.jar:/Users/DenisSangiMac/.m2/repository/io/qameta/allure/allure-rest-assured/2.15.0/allure-rest-assured-2.15.0.jar:/Users/DenisSangiMac/.m2/repository/io/qameta/allure/allure-attachments/2.15.0/allure-attachments-2.15.0.jar:/Users/DenisSangiMac/.m2/repository/org/freemarker/freemarker/2.3.31/freemarker-2.3.31.jar:/Users/DenisSangiMac/.m2/repository/org/projectlombok/lombok/1.18.24/lombok-1.18.24.jar:/Users/DenisSangiMac/.m2/repository/org/apache/commons/commons-lang3/3.12.0/commons-lang3-3.12.0.jar:/Users/DenisSangiMac/.m2/repository/org/codehaus/groovy/groovy/3.0.8/groovy-3.0.8.jar:"/>
    <property name="allure.results.directory" value="/Users/DenisSangiMac/IdeaProjects/Diplom/Diplom_2/target/allure-results"/>
    <property name="sun.cpu.endian" value="little"/>
    <property name="user.home" value="/Users/DenisSangiMac"/>
    <property name="user.language" value="en"/>
    <property name="java.specification.vendor" value="Oracle Corporation"/>
    <property name="java.version.date" value="2022-02-08"/>
    <property name="java.home" value="/Library/Java/JavaVirtualMachines/amazon-corretto-11.jdk/Contents/Home"/>
    <property name="file.separator" value="/"/>
    <property name="basedir" value="/Users/DenisSangiMac/IdeaProjects/Diplom/Diplom_2"/>
    <property name="java.vm.compressedOopsMode" value="Zero based"/>
    <property name="line.separator" value="&#10;"/>
    <property name="java.specification.name" value="Java Platform API Specification"/>
    <property name="java.vm.specification.vendor" value="Oracle Corporation"/>
    <property name="java.awt.graphicsenv" value="sun.awt.CGraphicsEnvironment"/>
    <property name="surefire.real.class.path" value="/Users/DenisSangiMac/IdeaProjects/Diplom/Diplom_2/target/surefire/surefirebooter3193219150798113817.jar"/>
    <property name="sun.management.compiler" value="HotSpot 64-Bit Tiered Compilers"/>
    <property name="java.runtime.version" value="11.0.14.1+10-LTS"/>
    <property name="user.name" value="DenisSangiMac"/>
    <property name="path.separator" value=":"/>
    <property name="os.version" value="12.3.1"/>
    <property name="java.runtime.name" value="OpenJDK Runtime Environment"/>
    <property name="file.encoding" value="US-ASCII"/>
    <property name="java.vm.name" value="OpenJDK 64-Bit Server VM"/>
    <property name="java.vendor.version" value="Corretto-11.0.14.10.1"/>
    <property name="localRepository" value="/Users/DenisSangiMac/.m2/repository"/>
    <property name="java.vendor.url.bug" value="https://github.com/corretto/corretto-11/issues/"/>
    <property name="java.io.tmpdir" value="/var/folders/t1/707tzt2536jg34r57bwy0pc40000gn/T/"/>
    <property name="idea.version" value="2021.2.2"/>
    <property name="java.version" value="11.0.14.1"/>
    <property name="user.dir" value="/Users/DenisSangiMac/IdeaProjects/Diplom/Diplom_2"/>
    <property name="os.arch" value="x86_64"/>
    <property name="java.vm.specification.name" value="Java Virtual Machine Specification"/>
    <property name="java.awt.printerjob" value="sun.lwawt.macosx.CPrinterJob"/>
    <property name="sun.os.patch.level" value="unknown"/>
    <property name="java.library.path" value="/Users/DenisSangiMac/Library/Java/Extensions:/Library/Java/Extensions:/Network/Library/Java/Extensions:/System/Library/Java/Extensions:/usr/lib/java:."/>
    <property name="java.vm.info" value="mixed mode"/>
    <property name="java.vendor" value="Amazon.com Inc."/>
    <property name="java.vm.version" value="11.0.14.1+10-LTS"/>
    <property name="sun.io.unicode.encoding" value="UnicodeBig"/>
    <property name="java.class.version" value="55.0"/>
  </properties>
  <testcase name="updateUserEmailAndCheckResponse" classname="UserTest" time="4.914">
    <failure message="1 expectation failed.&#10;JSON path user.email doesn&apos;t match.&#10;Expected: tOG6LO725Ngmail.com&#10;  Actual: tog6lo725ngmail.com&#10;" type="java.lang.AssertionError">java.lang.AssertionError: 
1 expectation failed.
JSON path user.email doesn't match.
Expected: tOG6LO725Ngmail.com
  Actual: tog6lo725ngmail.com

	at UserTest.updateUserEmailAndCheckResponse(UserTest.java:151)
</failure>
    <system-out><![CDATA[HTTP/1.1 200 OK
Date: Thu, 30 Jun 2022 18:42:18 GMT
Content-Type: application/json; charset=utf-8
Transfer-Encoding: chunked
Connection: keep-alive
X-Powered-By: Express
Access-Control-Allow-Origin: *
authorization: Bearer eyJhbGciOiJIUzI1NiIsInR5cCI6IkpXVCJ9.eyJpZCI6IjYyYmRlZThhOTNlYmMyMDAxYjQ5N2IxZiIsImlhdCI6MTY1NjYxNDUzOCwiZXhwIjoxNjU2NjE1NzM4fQ.OyJIJeHiGdl7rmczgpCLRKsVvUmEZ7gGiW4I_CV4lJU
ETag: W/"171-fds469YYH6i6eMOAKKivHc3r+lg"
CF-Cache-Status: DYNAMIC
Expect-CT: max-age=604800, report-uri="https://report-uri.cloudflare.com/cdn-cgi/beacon/expect-ct"
Report-To: {"endpoints":[{"url":"https:\/\/a.nel.cloudflare.com\/report\/v3?s=ofa6CYHqoqRg4Q50w59piVaCkJAKh7NtOOBCPy5pQ%2BN3%2BRftxm2nmgpKgm4Wez4Z42bRlb0RsxkXOB7OPWHi8RotScIJm81e8EyJaQo9cesnMuUdyyBB%2ByhJBNiN7u6g8lcro6%2BBtDvj2MPCpZh8Gzz%2Bwog%3D"}],"group":"cf-nel","max_age":604800}
NEL: {"success_fraction":0,"report_to":"cf-nel","max_age":604800}
Server: cloudflare
CF-RAY: 72390a7e2d455a25-MXP
Content-Encoding: gzip
alt-svc: h3=":443"; ma=86400, h3-29=":443"; ma=86400

{
    "success": true,
    "user": {
        "email": "rtjuj1d8y0@gmail.com",
        "name": "LJzWBgk1LW"
    },
    "accessToken": "Bearer eyJhbGciOiJIUzI1NiIsInR5cCI6IkpXVCJ9.eyJpZCI6IjYyYmRlZThhOTNlYmMyMDAxYjQ5N2IxZiIsImlhdCI6MTY1NjYxNDUzOCwiZXhwIjoxNjU2NjE1NzM4fQ.OyJIJeHiGdl7rmczgpCLRKsVvUmEZ7gGiW4I_CV4lJU",
    "refreshToken": "cfc09a283902f4969f4f7c1eede837f61a65d38918eb7a6e6054f19cbaa4d72d0dc0d4997ee98de0"
}
HTTP/1.1 200 OK
Date: Thu, 30 Jun 2022 18:42:20 GMT
Content-Type: application/json; charset=utf-8
Transfer-Encoding: chunked
Connection: keep-alive
X-Powered-By: Express
Access-Control-Allow-Origin: *
ETag: W/"4b-Izg7Lr8zo3FiSimKnIoiU8bKqVg"
CF-Cache-Status: DYNAMIC
Expect-CT: max-age=604800, report-uri="https://report-uri.cloudflare.com/cdn-cgi/beacon/expect-ct"
Report-To: {"endpoints":[{"url":"https:\/\/a.nel.cloudflare.com\/report\/v3?s=afzYb6gV3K37Al5%2BWREOhdBpJ%2FDfeZef1q6fgLv6OF7hkrSqau9JVugfTG80zadGUQW2ZaKCN8ou6zXHUToQD8X1ydi1SutXvwrHprYPwmSOFMHtiZ1hJpGHUJ1PiImIRfMpQKdH7XKnwo3f27%2FM6xbOCCw%3D"}],"group":"cf-nel","max_age":604800}
NEL: {"success_fraction":0,"report_to":"cf-nel","max_age":604800}
Server: cloudflare
CF-RAY: 72390a8dfa4a0e2a-MXP
Content-Encoding: gzip
alt-svc: h3=":443"; ma=86400, h3-29=":443"; ma=86400

{
    "success": true,
    "user": {
        "email": "tog6lo725ngmail.com",
        "name": "lQrpJ2l99o"
    }
}
]]></system-out>
    <system-err><![CDATA[SLF4J: Failed to load class "org.slf4j.impl.StaticLoggerBinder".
SLF4J: Defaulting to no-operation (NOP) logger implementation
SLF4J: See http://www.slf4j.org/codes.html#StaticLoggerBinder for further details.
]]></system-err>
  </testcase>
  <testcase name="createUserAndCheckResponse" classname="UserTest" time="2.215"/>
  <testcase name="updateUserNameAndCheckResponse" classname="UserTest" time="2.551"/>
  <testcase name="loginIncorrectEmailUserAndCheckResponse" classname="UserTest" time="2.453"/>
  <testcase name="getUserInfoAndCheckResponse" classname="UserTest" time="1.655"/>
  <testcase name="loginUserAndCheckResponse" classname="UserTest" time="1.328"/>
  <testcase name="loginIncorrectPasswordUserAndCheckResponse" classname="UserTest" time="1.249"/>
  <testcase name="updateUserWithoutAuthorizationAndCheckResponse" classname="UserTest" time="3.238"/>
  <testcase name="createUserWithoutPasswordAndCheckResponse" classname="UserTest" time="0.377"/>
  <testcase name="createUserWithoutEmailAndCheckResponse" classname="UserTest" time="0.349"/>
  <testcase name="createUserWithoutNameAndCheckResponse" classname="UserTest" time="0.351"/>
  <testcase name="createExistedUserAndCheckResponse" classname="UserTest" time="1.224"/>
</testsuite>