<?xml version="1.0" encoding="UTF-8"?>
<testsuite xmlns:xsi="http://www.w3.org/2001/XMLSchema-instance" xsi:noNamespaceSchemaLocation="https://maven.apache.org/surefire/maven-surefire-plugin/xsd/surefire-test-report.xsd" name="UserTest" time="16.71" tests="12" errors="0" skipped="0" failures="1">
  <properties>
    <property name="gopherProxySet" value="false"/>
    <property name="awt.toolkit" value="sun.lwawt.macosx.LWCToolkit"/>
    <property name="java.specification.version" value="11"/>
    <property name="sun.cpu.isalist" value=""/>
    <property name="sun.jnu.encoding" value="UTF-8"/>
    <property name="java.class.path" value="/Users/DenisSangiMac/IdeaProjects/Diplom/Diplom_2/target/test-classes:/Users/DenisSangiMac/IdeaProjects/Diplom/Diplom_2/target/classes:/Users/DenisSangiMac/.m2/repository/io/rest-assured/rest-assured/4.4.0/rest-assured-4.4.0.jar:/Users/DenisSangiMac/.m2/repository/org/codehaus/groovy/groovy-xml/3.0.8/groovy-xml-3.0.8.jar:/Users/DenisSangiMac/.m2/repository/org/apache/httpcomponents/httpclient/4.5.13/httpclient-4.5.13.jar:/Users/DenisSangiMac/.m2/repository/org/apache/httpcomponents/httpcore/4.4.13/httpcore-4.4.13.jar:/Users/DenisSangiMac/.m2/repository/commons-logging/commons-logging/1.2/commons-logging-1.2.jar:/Users/DenisSangiMac/.m2/repository/commons-codec/commons-codec/1.11/commons-codec-1.11.jar:/Users/DenisSangiMac/.m2/repository/org/apache/httpcomponents/httpmime/4.5.13/httpmime-4.5.13.jar:/Users/DenisSangiMac/.m2/repository/org/hamcrest/hamcrest/2.1/hamcrest-2.1.jar:/Users/DenisSangiMac/.m2/repository/org/ccil/cowan/tagsoup/tagsoup/1.2.1/tagsoup-1.2.1.jar:/Users/DenisSangiMac/.m2/repository/io/rest-assured/json-path/4.4.0/json-path-4.4.0.jar:/Users/DenisSangiMac/.m2/repository/org/codehaus/groovy/groovy-json/3.0.8/groovy-json-3.0.8.jar:/Users/DenisSangiMac/.m2/repository/io/rest-assured/rest-assured-common/4.4.0/rest-assured-common-4.4.0.jar:/Users/DenisSangiMac/.m2/repository/io/rest-assured/xml-path/4.4.0/xml-path-4.4.0.jar:/Users/DenisSangiMac/.m2/repository/jakarta/xml/bind/jakarta.xml.bind-api/2.3.3/jakarta.xml.bind-api-2.3.3.jar:/Users/DenisSangiMac/.m2/repository/jakarta/activation/jakarta.activation-api/1.2.2/jakarta.activation-api-1.2.2.jar:/Users/DenisSangiMac/.m2/repository/com/sun/xml/bind/jaxb-impl/2.3.3/jaxb-impl-2.3.3.jar:/Users/DenisSangiMac/.m2/repository/junit/junit/4.13.1/junit-4.13.1.jar:/Users/DenisSangiMac/.m2/repository/org/hamcrest/hamcrest-core/1.3/hamcrest-core-1.3.jar:/Users/DenisSangiMac/.m2/repository/com/google/code/gson/gson/2.8.9/gson-2.8.9.jar:/Users/DenisSangiMac/.m2/repository/io/qameta/allure/allure-junit4/2.15.0/allure-junit4-2.15.0.jar:/Users/DenisSangiMac/.m2/repository/io/qameta/allure/allure-java-commons/2.15.0/allure-java-commons-2.15.0.jar:/Users/DenisSangiMac/.m2/repository/org/slf4j/slf4j-api/1.7.30/slf4j-api-1.7.30.jar:/Users/DenisSangiMac/.m2/repository/io/qameta/allure/allure-model/2.15.0/allure-model-2.15.0.jar:/Users/DenisSangiMac/.m2/repository/io/qameta/allure/allure-rest-assured/2.15.0/allure-rest-assured-2.15.0.jar:/Users/DenisSangiMac/.m2/repository/io/qameta/allure/allure-attachments/2.15.0/allure-attachments-2.15.0.jar:/Users/DenisSangiMac/.m2/repository/org/freemarker/freemarker/2.3.31/freemarker-2.3.31.jar:/Users/DenisSangiMac/.m2/repository/org/projectlombok/lombok/1.18.24/lombok-1.18.24.jar:/Users/DenisSangiMac/.m2/repository/org/apache/commons/commons-lang3/3.12.0/commons-lang3-3.12.0.jar:/Users/DenisSangiMac/.m2/repository/org/codehaus/groovy/groovy/3.0.8/groovy-3.0.8.jar:"/>
    <property name="java.vm.vendor" value="Amazon.com Inc."/>
    <property name="sun.arch.data.model" value="64"/>
    <property name="java.vendor.url" value="https://aws.amazon.com/corretto/"/>
    <property name="user.timezone" value=""/>
    <property name="java.vm.specification.version" value="11"/>
    <property name="os.name" value="Mac OS X"/>
    <property name="sun.java.launcher" value="SUN_STANDARD"/>
    <property name="user.country" value="CY"/>
    <property name="sun.boot.library.path" value="/Library/Java/JavaVirtualMachines/amazon-corretto-11.jdk/Contents/Home/lib"/>
    <property name="sun.java.command" value="/Users/DenisSangiMac/IdeaProjects/Diplom/Diplom_2/target/surefire/surefirebooter15163578101857247737.jar /Users/DenisSangiMac/IdeaProjects/Diplom/Diplom_2/target/surefire 2022-07-09T14-58-04_524-jvmRun1 surefire1480067238983806998tmp surefire_08404542851437945517tmp"/>
    <property name="jdk.debug" value="release"/>
    <property name="surefire.test.class.path" value="/Users/DenisSangiMac/IdeaProjects/Diplom/Diplom_2/target/test-classes:/Users/DenisSangiMac/IdeaProjects/Diplom/Diplom_2/target/classes:/Users/DenisSangiMac/.m2/repository/io/rest-assured/rest-assured/4.4.0/rest-assured-4.4.0.jar:/Users/DenisSangiMac/.m2/repository/org/codehaus/groovy/groovy-xml/3.0.8/groovy-xml-3.0.8.jar:/Users/DenisSangiMac/.m2/repository/org/apache/httpcomponents/httpclient/4.5.13/httpclient-4.5.13.jar:/Users/DenisSangiMac/.m2/repository/org/apache/httpcomponents/httpcore/4.4.13/httpcore-4.4.13.jar:/Users/DenisSangiMac/.m2/repository/commons-logging/commons-logging/1.2/commons-logging-1.2.jar:/Users/DenisSangiMac/.m2/repository/commons-codec/commons-codec/1.11/commons-codec-1.11.jar:/Users/DenisSangiMac/.m2/repository/org/apache/httpcomponents/httpmime/4.5.13/httpmime-4.5.13.jar:/Users/DenisSangiMac/.m2/repository/org/hamcrest/hamcrest/2.1/hamcrest-2.1.jar:/Users/DenisSangiMac/.m2/repository/org/ccil/cowan/tagsoup/tagsoup/1.2.1/tagsoup-1.2.1.jar:/Users/DenisSangiMac/.m2/repository/io/rest-assured/json-path/4.4.0/json-path-4.4.0.jar:/Users/DenisSangiMac/.m2/repository/org/codehaus/groovy/groovy-json/3.0.8/groovy-json-3.0.8.jar:/Users/DenisSangiMac/.m2/repository/io/rest-assured/rest-assured-common/4.4.0/rest-assured-common-4.4.0.jar:/Users/DenisSangiMac/.m2/repository/io/rest-assured/xml-path/4.4.0/xml-path-4.4.0.jar:/Users/DenisSangiMac/.m2/repository/jakarta/xml/bind/jakarta.xml.bind-api/2.3.3/jakarta.xml.bind-api-2.3.3.jar:/Users/DenisSangiMac/.m2/repository/jakarta/activation/jakarta.activation-api/1.2.2/jakarta.activation-api-1.2.2.jar:/Users/DenisSangiMac/.m2/repository/com/sun/xml/bind/jaxb-impl/2.3.3/jaxb-impl-2.3.3.jar:/Users/DenisSangiMac/.m2/repository/junit/junit/4.13.1/junit-4.13.1.jar:/Users/DenisSangiMac/.m2/repository/org/hamcrest/hamcrest-core/1.3/hamcrest-core-1.3.jar:/Users/DenisSangiMac/.m2/repository/com/google/code/gson/gson/2.8.9/gson-2.8.9.jar:/Users/DenisSangiMac/.m2/repository/io/qameta/allure/allure-junit4/2.15.0/allure-junit4-2.15.0.jar:/Users/DenisSangiMac/.m2/repository/io/qameta/allure/allure-java-commons/2.15.0/allure-java-commons-2.15.0.jar:/Users/DenisSangiMac/.m2/repository/org/slf4j/slf4j-api/1.7.30/slf4j-api-1.7.30.jar:/Users/DenisSangiMac/.m2/repository/io/qameta/allure/allure-model/2.15.0/allure-model-2.15.0.jar:/Users/DenisSangiMac/.m2/repository/io/qameta/allure/allure-rest-assured/2.15.0/allure-rest-assured-2.15.0.jar:/Users/DenisSangiMac/.m2/repository/io/qameta/allure/allure-attachments/2.15.0/allure-attachments-2.15.0.jar:/Users/DenisSangiMac/.m2/repository/org/freemarker/freemarker/2.3.31/freemarker-2.3.31.jar:/Users/DenisSangiMac/.m2/repository/org/projectlombok/lombok/1.18.24/lombok-1.18.24.jar:/Users/DenisSangiMac/.m2/repository/org/apache/commons/commons-lang3/3.12.0/commons-lang3-3.12.0.jar:/Users/DenisSangiMac/.m2/repository/org/codehaus/groovy/groovy/3.0.8/groovy-3.0.8.jar:"/>
    <property name="allure.results.directory" value="/Users/DenisSangiMac/IdeaProjects/Diplom/Diplom_2/target/allure-results"/>
    <property name="sun.cpu.endian" value="little"/>
    <property name="user.home" value="/Users/DenisSangiMac"/>
    <property name="user.language" value="en"/>
    <property name="java.specification.vendor" value="Oracle Corporation"/>
    <property name="java.version.date" value="2022-02-08"/>
    <property name="java.home" value="/Library/Java/JavaVirtualMachines/amazon-corretto-11.jdk/Contents/Home"/>
    <property name="file.separator" value="/"/>
    <property name="basedir" value="/Users/DenisSangiMac/IdeaProjects/Diplom/Diplom_2"/>
    <property name="java.vm.compressedOopsMode" value="Zero based"/>
    <property name="line.separator" value="&#10;"/>
    <property name="java.specification.name" value="Java Platform API Specification"/>
    <property name="java.vm.specification.vendor" value="Oracle Corporation"/>
    <property name="java.awt.graphicsenv" value="sun.awt.CGraphicsEnvironment"/>
    <property name="surefire.real.class.path" value="/Users/DenisSangiMac/IdeaProjects/Diplom/Diplom_2/target/surefire/surefirebooter15163578101857247737.jar"/>
    <property name="sun.management.compiler" value="HotSpot 64-Bit Tiered Compilers"/>
    <property name="java.runtime.version" value="11.0.14.1+10-LTS"/>
    <property name="user.name" value="DenisSangiMac"/>
    <property name="path.separator" value=":"/>
    <property name="os.version" value="12.3.1"/>
    <property name="java.runtime.name" value="OpenJDK Runtime Environment"/>
    <property name="file.encoding" value="US-ASCII"/>
    <property name="java.vm.name" value="OpenJDK 64-Bit Server VM"/>
    <property name="java.vendor.version" value="Corretto-11.0.14.10.1"/>
    <property name="localRepository" value="/Users/DenisSangiMac/.m2/repository"/>
    <property name="java.vendor.url.bug" value="https://github.com/corretto/corretto-11/issues/"/>
    <property name="java.io.tmpdir" value="/var/folders/t1/707tzt2536jg34r57bwy0pc40000gn/T/"/>
    <property name="idea.version" value="2021.2.2"/>
    <property name="java.version" value="11.0.14.1"/>
    <property name="user.dir" value="/Users/DenisSangiMac/IdeaProjects/Diplom/Diplom_2"/>
    <property name="os.arch" value="x86_64"/>
    <property name="java.vm.specification.name" value="Java Virtual Machine Specification"/>
    <property name="java.awt.printerjob" value="sun.lwawt.macosx.CPrinterJob"/>
    <property name="sun.os.patch.level" value="unknown"/>
    <property name="java.library.path" value="/Users/DenisSangiMac/Library/Java/Extensions:/Library/Java/Extensions:/Network/Library/Java/Extensions:/System/Library/Java/Extensions:/usr/lib/java:."/>
    <property name="java.vm.info" value="mixed mode"/>
    <property name="java.vendor" value="Amazon.com Inc."/>
    <property name="java.vm.version" value="11.0.14.1+10-LTS"/>
    <property name="sun.io.unicode.encoding" value="UnicodeBig"/>
    <property name="java.class.version" value="55.0"/>
  </properties>
  <testcase name="updateUserEmailAndCheckResponse" classname="UserTest" time="4.898"/>
  <testcase name="createUserAndCheckResponse" classname="UserTest" time="0.927"/>
  <testcase name="updateUserNameAndCheckResponse" classname="UserTest" time="1.303"/>
  <testcase name="loginIncorrectEmailUserAndCheckResponse" classname="UserTest" time="1.24"/>
  <testcase name="getUserInfoAndCheckResponse" classname="UserTest" time="1.249"/>
  <testcase name="loginUserAndCheckResponse" classname="UserTest" time="1.458">
    <failure message="1 expectation failed.&#10;Expected status code &lt;200&gt; but was &lt;429&gt;.&#10;" type="java.lang.AssertionError"><![CDATA[java.lang.AssertionError: 
1 expectation failed.
Expected status code <200> but was <429>.

	at UserTest.loginUserAndCheckResponse(UserTest.java:91)
]]></failure>
    <system-out><![CDATA[HTTP/1.1 200 OK
Date: Sat, 09 Jul 2022 11:58:16 GMT
Content-Type: application/json; charset=utf-8
Transfer-Encoding: chunked
Connection: keep-alive
X-Powered-By: Express
Access-Control-Allow-Origin: *
authorization: Bearer eyJhbGciOiJIUzI1NiIsInR5cCI6IkpXVCJ9.eyJpZCI6IjYyYzk2ZDU4OTNlYmMyMDAxYjQ5ZDU5YyIsImlhdCI6MTY1NzM2Nzg5NiwiZXhwIjoxNjU3MzY5MDk2fQ.jeopr6UEPWGp0Njc27EMrZFI69xS_6Sn3380RAvF9v8
ETag: W/"171-sTjdQuEcg2c94wRQwFFuWL2jaRY"
CF-Cache-Status: DYNAMIC
Expect-CT: max-age=604800, report-uri="https://report-uri.cloudflare.com/cdn-cgi/beacon/expect-ct"
Report-To: {"endpoints":[{"url":"https:\/\/a.nel.cloudflare.com\/report\/v3?s=AekXJ4n6CvxHvfHTUZkNaDoU9524tAFuaGYdWA3oogWPhwcqsq1n20EbhF%2BjvBEeNVHbsddPyszYfyPwm4Vwxe8zw6SkmwLmWTTsCs1m4Vf1E9tYAyKZ8PWdIIbZreBk6akDAKeSDbHu736eofnJBxj0q3A%3D"}],"group":"cf-nel","max_age":604800}
NEL: {"success_fraction":0,"report_to":"cf-nel","max_age":604800}
Server: cloudflare
CF-RAY: 7280e308885ae934-MRS
Content-Encoding: gzip
alt-svc: h3=":443"; ma=86400, h3-29=":443"; ma=86400

{
    "success": true,
    "user": {
        "email": "vtamjxf0kk@gmail.com",
        "name": "a8EkIHUffO"
    },
    "accessToken": "Bearer eyJhbGciOiJIUzI1NiIsInR5cCI6IkpXVCJ9.eyJpZCI6IjYyYzk2ZDU4OTNlYmMyMDAxYjQ5ZDU5YyIsImlhdCI6MTY1NzM2Nzg5NiwiZXhwIjoxNjU3MzY5MDk2fQ.jeopr6UEPWGp0Njc27EMrZFI69xS_6Sn3380RAvF9v8",
    "refreshToken": "7751bf6559f01c1f767b8a0c7c960b191915fde985be881b6e263e170c9867a8aceec57b1798e22e"
}
HTTP/1.1 429 Too Many Requests
Date: Sat, 09 Jul 2022 11:58:16 GMT
Content-Type: text/html
Transfer-Encoding: chunked
Connection: keep-alive
CF-Cache-Status: DYNAMIC
Expect-CT: max-age=604800, report-uri="https://report-uri.cloudflare.com/cdn-cgi/beacon/expect-ct"
Report-To: {"endpoints":[{"url":"https:\/\/a.nel.cloudflare.com\/report\/v3?s=aBrPbXeuglBEg1gOyVkHgsrjwKZ4xsh4ZTrunhhHrYYlEb1RNq2V%2BHYVctpg5tcLeeXM8jDN6Xqe2JyesQLvQ%2BiXHmxuoGAiM%2FFcdf%2F6mpqoIPU0X%2Fa%2FaqmRIEhhMqkTiFch0zx3DmzbyhKVlGGSDEeoS0w%3D"}],"group":"cf-nel","max_age":604800}
NEL: {"success_fraction":0,"report_to":"cf-nel","max_age":604800}
Server: cloudflare
CF-RAY: 7280e30b697641e5-MRS
alt-svc: h3=":443"; ma=86400, h3-29=":443"; ma=86400

<html>
  <head>
    <title>429 Too Many Requests</title>
  </head>
  <body>
    <center>
      <h1>429 Too Many Requests</h1>
    </center>
    <hr/>
    <center>nginx/1.18.0 (Ubuntu)</center>
  </body>
</html>
Request method:	DELETE
Request URI:	https://stellarburgers.nomoreparties.site/api/auth/user
Proxy:			<none>
Request params:	<none>
Query params:	<none>
Form params:	<none>
Path params:	<none>
Headers:		authorization=Bearer eyJhbGciOiJIUzI1NiIsInR5cCI6IkpXVCJ9.eyJpZCI6IjYyYzk2ZDU4OTNlYmMyMDAxYjQ5ZDU5YyIsImlhdCI6MTY1NzM2Nzg5NiwiZXhwIjoxNjU3MzY5MDk2fQ.jeopr6UEPWGp0Njc27EMrZFI69xS_6Sn3380RAvF9v8
				Accept=*/*
				Content-Type=application/json
Cookies:		<none>
Multiparts:		<none>
Body:			<none>
HTTP/1.1 202 Accepted
Date: Sat, 09 Jul 2022 11:58:17 GMT
Content-Type: application/json; charset=utf-8
Content-Length: 54
Connection: keep-alive
X-Powered-By: Express
Access-Control-Allow-Origin: *
ETag: W/"36-hDmZnQ3Ou/ynnqAeC6TYmyseuzY"
CF-Cache-Status: DYNAMIC
Expect-CT: max-age=604800, report-uri="https://report-uri.cloudflare.com/cdn-cgi/beacon/expect-ct"
Report-To: {"endpoints":[{"url":"https:\/\/a.nel.cloudflare.com\/report\/v3?s=X3EMXjNJuTBJyCgWLMjVeoYKASSWvg00%2FFFj%2BacZdhQq%2Bt6qBrTfNGRmJRzmYBT9kAwBrxMGCuLj7vTvqJRzk%2FmUHk9j61xqsGp%2Fefv5ZsbEKM0u%2FsNbhuWA87rDJUo3T2IGMbaS1hVWdIkRbDTKEsZ%2BOKQ%3D"}],"group":"cf-nel","max_age":604800}
NEL: {"success_fraction":0,"report_to":"cf-nel","max_age":604800}
Server: cloudflare
CF-RAY: 7280e30e8c817385-MRS
alt-svc: h3=":443"; ma=86400, h3-29=":443"; ma=86400

{
    "success": true,
    "message": "User successfully removed"
}
User deleted
]]></system-out>
  </testcase>
  <testcase name="loginIncorrectPasswordUserAndCheckResponse" classname="UserTest" time="1.148"/>
  <testcase name="updateUserWithoutAuthorizationAndCheckResponse" classname="UserTest" time="1.237"/>
  <testcase name="createUserWithoutPasswordAndCheckResponse" classname="UserTest" time="0.698"/>
  <testcase name="createUserWithoutEmailAndCheckResponse" classname="UserTest" time="0.354"/>
  <testcase name="createUserWithoutNameAndCheckResponse" classname="UserTest" time="0.343"/>
  <testcase name="createExistedUserAndCheckResponse" classname="UserTest" time="1.698"/>
</testsuite>